<?xml version="1.0" encoding="UTF-8"?>
<testng-results skipped="0" failed="0" ignored="0" total="1" passed="1">
  <reporter-output>
  </reporter-output>
  <suite name="Default suite" duration-ms="3540" started-at="2021-07-01T13:58:12 CDT" finished-at="2021-07-01T13:58:16 CDT">
    <groups>
    </groups>
    <test name="Default test" duration-ms="3540" started-at="2021-07-01T13:58:12 CDT" finished-at="2021-07-01T13:58:16 CDT">
      <class name="testCases.PUT_or_Update_A_Product">
        <test-method status="PASS" signature="read_A_Product()[pri:0, instance:testCases.PUT_or_Update_A_Product@1e965684]" name="read_A_Product" duration-ms="3471" started-at="2021-07-01T13:58:12 CDT" finished-at="2021-07-01T13:58:15 CDT">
          <reporter-output>
          </reporter-output>
        </test-method> <!-- read_A_Product -->
      </class> <!-- testCases.PUT_or_Update_A_Product -->
    </test> <!-- Default test -->
  </suite> <!-- Default suite -->
</testng-results>
